[ 2016-08-01T00:18:49+08:00 ] ::1 /summer/FileControll/index.php./ThinkPHP
INFO: [ app_init ] --START--
INFO: Run Behavior\BuildLiteBehavior [ RunTime:0.000048s ]
INFO: [ app_init ] --END-- [ RunTime:0.000891s ]
ERR: 无法加载模块:ThinkPHP

[ 2016-08-01T00:23:24+08:00 ] ::1 //summer/FileControll/index.php./Public
INFO: [ app_init ] --START--
INFO: Run Behavior\BuildLiteBehavior [ RunTime:0.000053s ]
INFO: [ app_init ] --END-- [ RunTime:0.001521s ]
ERR: 无法加载模块:Public

[ 2016-08-01T00:24:25+08:00 ] ::1 //summer/FileControll/index.php./ThinkPHP
INFO: [ app_init ] --START--
INFO: Run Behavior\BuildLiteBehavior [ RunTime:0.000031s ]
INFO: [ app_init ] --END-- [ RunTime:0.000997s ]
ERR: 无法加载模块:ThinkPHP

[ 2016-08-01T00:24:38+08:00 ] ::1 //summer/FileControll/index.php./App
INFO: [ app_init ] --START--
INFO: Run Behavior\BuildLiteBehavior [ RunTime:0.000032s ]
INFO: [ app_init ] --END-- [ RunTime:0.000780s ]
ERR: 无法加载模块:App

[ 2016-08-01T00:26:41+08:00 ] ::1 //summer/FileControll/index.php./App
INFO: [ app_init ] --START--
INFO: Run Behavior\BuildLiteBehavior [ RunTime:0.000030s ]
INFO: [ app_init ] --END-- [ RunTime:0.000638s ]
ERR: 无法加载模块:App

[ 2016-08-01T00:26:45+08:00 ] ::1 //summer/FileControll/index.php./ThinkPHP
INFO: [ app_init ] --START--
INFO: Run Behavior\BuildLiteBehavior [ RunTime:0.000155s ]
INFO: [ app_init ] --END-- [ RunTime:0.006348s ]
ERR: 无法加载模块:ThinkPHP

